The system is: Linux - 4.18.0-500.el8.x86_64 - x86_64
Compiling the CXX compiler identification source file "CMakeCXXCompilerId.cpp" succeeded.
Compiler: /usr/local/gcc/bin/c++ 
Build flags: 
Id flags:  

The output was:
0


Compilation of the CXX compiler identification source "CMakeCXXCompilerId.cpp" produced "a.out"

The CXX compiler identification is GNU, found in "/home/a820506/APD/Practicas/practica2/build/CMakeFiles/3.20.2/CompilerIdCXX/a.out"

Detecting CXX compiler ABI info compiled with the following output:
Change Dir: /home/a820506/APD/Practicas/practica2/build/CMakeFiles/CMakeTmp

Run Build Command(s):/usr/bin/gmake -f Makefile cmTC_ed8f1/fast && /usr/bin/gmake  -f CMakeFiles/cmTC_ed8f1.dir/build.make CMakeFiles/cmTC_ed8f1.dir/build
gmake[1]: Entering directory '/home/a820506/APD/Practicas/practica2/build/CMakeFiles/CMakeTmp'
Building CXX object CMakeFiles/cmTC_ed8f1.dir/CMakeCXXCompilerABI.cpp.o
/usr/local/gcc/bin/c++   -v -o CMakeFiles/cmTC_ed8f1.dir/CMakeCXXCompilerABI.cpp.o -c /usr/share/cmake/Modules/CMakeCXXCompilerABI.cpp
Using built-in specs.
COLLECT_GCC=/usr/local/gcc/bin/c++
Target: x86_64-pc-linux-gnu
Configured with: ../gcc-11.2.0/configure --prefix=/usr/local/gcc --bindir=/usr/local/gcc/bin --sbindir=/usr/local/gcc/sbin --libdir=/usr/local/gcc/lib --libexecdir=/usr/local/gcc/libexec --datadir=/usr/local/gcc/share --mandir=/usr/local/gcc/share/man --infodir=/usr/local/gcc/share/info --enable-languages=c,c++,objc,obj-c++ --with-gcc-major-version-only --disable-multilib CC= CFLAGS='-march=nehalem -O3' CXX= CXXFLAGS='-march=nehalem -O3' LDFLAGS=
Thread model: posix
Supported LTO compression algorithms: zlib
gcc version 11.2.0 (GCC) 
COLLECT_GCC_OPTIONS='-v' '-o' 'CMakeFiles/cmTC_ed8f1.dir/CMakeCXXCompilerABI.cpp.o' '-c' '-shared-libgcc' '-mtune=generic' '-march=x86-64' '-dumpdir' 'CMakeFiles/cmTC_ed8f1.dir/'
 /usr/local/gcc/libexec/gcc/x86_64-pc-linux-gnu/11/cc1plus -quiet -v -D_GNU_SOURCE /usr/share/cmake/Modules/CMakeCXXCompilerABI.cpp -quiet -dumpdir CMakeFiles/cmTC_ed8f1.dir/ -dumpbase CMakeCXXCompilerABI.cpp.cpp -dumpbase-ext .cpp -mtune=generic -march=x86-64 -version -o /tmp/cc0DL9F5.s
GNU C++17 (GCC) version 11.2.0 (x86_64-pc-linux-gnu)
	compiled by GNU C version 11.2.0, GMP version 6.0.0, MPFR version 3.1.1, MPC version 1.0.1, isl version none
warning: GMP header version 6.0.0 differs from library version 6.1.2.
warning: MPFR header version 3.1.1 differs from library version 3.1.6-p2.
warning: MPC header version 1.0.1 differs from library version 1.1.0.
GGC heuristics: --param ggc-min-expand=100 --param ggc-min-heapsize=131072
ignoring nonexistent directory "/usr/local/gcc/lib/gcc/x86_64-pc-linux-gnu/11/../../../../x86_64-pc-linux-gnu/include"
#include "..." search starts here:
#include <...> search starts here:
 /usr/local/gcc/lib/gcc/x86_64-pc-linux-gnu/11/../../../../include/c++/11
 /usr/local/gcc/lib/gcc/x86_64-pc-linux-gnu/11/../../../../include/c++/11/x86_64-pc-linux-gnu
 /usr/local/gcc/lib/gcc/x86_64-pc-linux-gnu/11/../../../../include/c++/11/backward
 /usr/local/gcc/lib/gcc/x86_64-pc-linux-gnu/11/include
 /usr/local/include
 /usr/local/gcc/include
 /usr/local/gcc/lib/gcc/x86_64-pc-linux-gnu/11/include-fixed
 /usr/include
End of search list.
GNU C++17 (GCC) version 11.2.0 (x86_64-pc-linux-gnu)
	compiled by GNU C version 11.2.0, GMP version 6.0.0, MPFR version 3.1.1, MPC version 1.0.1, isl version none
warning: GMP header version 6.0.0 differs from library version 6.1.2.
warning: MPFR header version 3.1.1 differs from library version 3.1.6-p2.
warning: MPC header version 1.0.1 differs from library version 1.1.0.
GGC heuristics: --param ggc-min-expand=100 --param ggc-min-heapsize=131072
Compiler executable checksum: eebaac9f95107f90b66884c889954a91
COLLECT_GCC_OPTIONS='-v' '-o' 'CMakeFiles/cmTC_ed8f1.dir/CMakeCXXCompilerABI.cpp.o' '-c' '-shared-libgcc' '-mtune=generic' '-march=x86-64' '-dumpdir' 'CMakeFiles/cmTC_ed8f1.dir/'
 /usr/local/gcc/lib/gcc/x86_64-pc-linux-gnu/11/../../../../x86_64-pc-linux-gnu/bin/as -v --64 -o CMakeFiles/cmTC_ed8f1.dir/CMakeCXXCompilerABI.cpp.o /tmp/cc0DL9F5.s
GNU assembler version 2.39 (x86_64-pc-linux-gnu) using BFD version (GNU Binutils) 2.39
COMPILER_PATH=/usr/local/gcc/libexec/gcc/x86_64-pc-linux-gnu/11/:/usr/local/gcc/libexec/gcc/x86_64-pc-linux-gnu/11/:/usr/local/gcc/libexec/gcc/x86_64-pc-linux-gnu/:/usr/local/gcc/lib/gcc/x86_64-pc-linux-gnu/11/:/usr/local/gcc/lib/gcc/x86_64-pc-linux-gnu/:/usr/local/gcc/lib/gcc/x86_64-pc-linux-gnu/11/../../../../x86_64-pc-linux-gnu/bin/
LIBRARY_PATH=/usr/local/gcc/lib/gcc/x86_64-pc-linux-gnu/11/:/usr/local/gcc/lib/gcc/x86_64-pc-linux-gnu/11/../../../../lib64/:/lib/../lib64/:/usr/lib/../lib64/:/usr/local/gcc/lib/gcc/x86_64-pc-linux-gnu/11/../../../../x86_64-pc-linux-gnu/lib/:/usr/local/gcc/lib/gcc/x86_64-pc-linux-gnu/11/../../../:/lib/:/usr/lib/
COLLECT_GCC_OPTIONS='-v' '-o' 'CMakeFiles/cmTC_ed8f1.dir/CMakeCXXCompilerABI.cpp.o' '-c' '-shared-libgcc' '-mtune=generic' '-march=x86-64' '-dumpdir' 'CMakeFiles/cmTC_ed8f1.dir/CMakeCXXCompilerABI.cpp.'
Linking CXX executable cmTC_ed8f1
/usr/bin/cmake -E cmake_link_script CMakeFiles/cmTC_ed8f1.dir/link.txt --verbose=1
/usr/local/gcc/bin/c++  -v CMakeFiles/cmTC_ed8f1.dir/CMakeCXXCompilerABI.cpp.o -o cmTC_ed8f1 
Using built-in specs.
COLLECT_GCC=/usr/local/gcc/bin/c++
COLLECT_LTO_WRAPPER=/usr/local/gcc/libexec/gcc/x86_64-pc-linux-gnu/11/lto-wrapper
Target: x86_64-pc-linux-gnu
Configured with: ../gcc-11.2.0/configure --prefix=/usr/local/gcc --bindir=/usr/local/gcc/bin --sbindir=/usr/local/gcc/sbin --libdir=/usr/local/gcc/lib --libexecdir=/usr/local/gcc/libexec --datadir=/usr/local/gcc/share --mandir=/usr/local/gcc/share/man --infodir=/usr/local/gcc/share/info --enable-languages=c,c++,objc,obj-c++ --with-gcc-major-version-only --disable-multilib CC= CFLAGS='-march=nehalem -O3' CXX= CXXFLAGS='-march=nehalem -O3' LDFLAGS=
Thread model: posix
Supported LTO compression algorithms: zlib
gcc version 11.2.0 (GCC) 
COMPILER_PATH=/usr/local/gcc/libexec/gcc/x86_64-pc-linux-gnu/11/:/usr/local/gcc/libexec/gcc/x86_64-pc-linux-gnu/11/:/usr/local/gcc/libexec/gcc/x86_64-pc-linux-gnu/:/usr/local/gcc/lib/gcc/x86_64-pc-linux-gnu/11/:/usr/local/gcc/lib/gcc/x86_64-pc-linux-gnu/:/usr/local/gcc/lib/gcc/x86_64-pc-linux-gnu/11/../../../../x86_64-pc-linux-gnu/bin/
LIBRARY_PATH=/usr/local/gcc/lib/gcc/x86_64-pc-linux-gnu/11/:/usr/local/gcc/lib/gcc/x86_64-pc-linux-gnu/11/../../../../lib64/:/lib/../lib64/:/usr/lib/../lib64/:/usr/local/gcc/lib/gcc/x86_64-pc-linux-gnu/11/../../../../x86_64-pc-linux-gnu/lib/:/usr/local/gcc/lib/gcc/x86_64-pc-linux-gnu/11/../../../:/lib/:/usr/lib/
COLLECT_GCC_OPTIONS='-v' '-o' 'cmTC_ed8f1' '-shared-libgcc' '-mtune=generic' '-march=x86-64' '-dumpdir' 'cmTC_ed8f1.'
 /usr/local/gcc/libexec/gcc/x86_64-pc-linux-gnu/11/collect2 -plugin /usr/local/gcc/libexec/gcc/x86_64-pc-linux-gnu/11/liblto_plugin.so -plugin-opt=/usr/local/gcc/libexec/gcc/x86_64-pc-linux-gnu/11/lto-wrapper -plugin-opt=-fresolution=/tmp/cc13uYvy.res -plugin-opt=-pass-through=-lgcc_s -plugin-opt=-pass-through=-lgcc -plugin-opt=-pass-through=-lc -plugin-opt=-pass-through=-lgcc_s -plugin-opt=-pass-through=-lgcc --eh-frame-hdr -m elf_x86_64 -dynamic-linker /lib64/ld-linux-x86-64.so.2 -o cmTC_ed8f1 /lib/../lib64/crt1.o /lib/../lib64/crti.o /usr/local/gcc/lib/gcc/x86_64-pc-linux-gnu/11/crtbegin.o -L/usr/local/gcc/lib/gcc/x86_64-pc-linux-gnu/11 -L/usr/local/gcc/lib/gcc/x86_64-pc-linux-gnu/11/../../../../lib64 -L/lib/../lib64 -L/usr/lib/../lib64 -L/usr/local/gcc/lib/gcc/x86_64-pc-linux-gnu/11/../../../../x86_64-pc-linux-gnu/lib -L/usr/local/gcc/lib/gcc/x86_64-pc-linux-gnu/11/../../.. CMakeFiles/cmTC_ed8f1.dir/CMakeCXXCompilerABI.cpp.o -lstdc++ -lm -lgcc_s -lgcc -lc -lgcc_s -lgcc /usr/local/gcc/lib/gcc/x86_64-pc-linux-gnu/11/crtend.o /lib/../lib64/crtn.o
COLLECT_GCC_OPTIONS='-v' '-o' 'cmTC_ed8f1' '-shared-libgcc' '-mtune=generic' '-march=x86-64' '-dumpdir' 'cmTC_ed8f1.'
gmake[1]: Leaving directory '/home/a820506/APD/Practicas/practica2/build/CMakeFiles/CMakeTmp'



Parsed CXX implicit include dir info from above output: rv=done
  found start of include info
  found start of implicit include info
    add: [/usr/local/gcc/lib/gcc/x86_64-pc-linux-gnu/11/../../../../include/c++/11]
    add: [/usr/local/gcc/lib/gcc/x86_64-pc-linux-gnu/11/../../../../include/c++/11/x86_64-pc-linux-gnu]
    add: [/usr/local/gcc/lib/gcc/x86_64-pc-linux-gnu/11/../../../../include/c++/11/backward]
    add: [/usr/local/gcc/lib/gcc/x86_64-pc-linux-gnu/11/include]
    add: [/usr/local/include]
    add: [/usr/local/gcc/include]
    add: [/usr/local/gcc/lib/gcc/x86_64-pc-linux-gnu/11/include-fixed]
    add: [/usr/include]
  end of search list found
  collapse include dir [/usr/local/gcc/lib/gcc/x86_64-pc-linux-gnu/11/../../../../include/c++/11] ==> [/usr/local/gcc/include/c++/11]
  collapse include dir [/usr/local/gcc/lib/gcc/x86_64-pc-linux-gnu/11/../../../../include/c++/11/x86_64-pc-linux-gnu] ==> [/usr/local/gcc/include/c++/11/x86_64-pc-linux-gnu]
  collapse include dir [/usr/local/gcc/lib/gcc/x86_64-pc-linux-gnu/11/../../../../include/c++/11/backward] ==> [/usr/local/gcc/include/c++/11/backward]
  collapse include dir [/usr/local/gcc/lib/gcc/x86_64-pc-linux-gnu/11/include] ==> [/usr/local/gcc/lib/gcc/x86_64-pc-linux-gnu/11/include]
  collapse include dir [/usr/local/include] ==> [/usr/local/include]
  collapse include dir [/usr/local/gcc/include] ==> [/usr/local/gcc/include]
  collapse include dir [/usr/local/gcc/lib/gcc/x86_64-pc-linux-gnu/11/include-fixed] ==> [/usr/local/gcc/lib/gcc/x86_64-pc-linux-gnu/11/include-fixed]
  collapse include dir [/usr/include] ==> [/usr/include]
  implicit include dirs: [/usr/local/gcc/include/c++/11;/usr/local/gcc/include/c++/11/x86_64-pc-linux-gnu;/usr/local/gcc/include/c++/11/backward;/usr/local/gcc/lib/gcc/x86_64-pc-linux-gnu/11/include;/usr/local/include;/usr/local/gcc/include;/usr/local/gcc/lib/gcc/x86_64-pc-linux-gnu/11/include-fixed;/usr/include]


Parsed CXX implicit link information from above output:
  link line regex: [^( *|.*[/\])(ld|CMAKE_LINK_STARTFILE-NOTFOUND|([^/\]+-)?ld|collect2)[^/\]*( |$)]
  ignore line: [Change Dir: /home/a820506/APD/Practicas/practica2/build/CMakeFiles/CMakeTmp]
  ignore line: []
  ignore line: [Run Build Command(s):/usr/bin/gmake -f Makefile cmTC_ed8f1/fast && /usr/bin/gmake  -f CMakeFiles/cmTC_ed8f1.dir/build.make CMakeFiles/cmTC_ed8f1.dir/build]
  ignore line: [gmake[1]: Entering directory '/home/a820506/APD/Practicas/practica2/build/CMakeFiles/CMakeTmp']
  ignore line: [Building CXX object CMakeFiles/cmTC_ed8f1.dir/CMakeCXXCompilerABI.cpp.o]
  ignore line: [/usr/local/gcc/bin/c++   -v -o CMakeFiles/cmTC_ed8f1.dir/CMakeCXXCompilerABI.cpp.o -c /usr/share/cmake/Modules/CMakeCXXCompilerABI.cpp]
  ignore line: [Using built-in specs.]
  ignore line: [COLLECT_GCC=/usr/local/gcc/bin/c++]
  ignore line: [Target: x86_64-pc-linux-gnu]
  ignore line: [Configured with: ../gcc-11.2.0/configure --prefix=/usr/local/gcc --bindir=/usr/local/gcc/bin --sbindir=/usr/local/gcc/sbin --libdir=/usr/local/gcc/lib --libexecdir=/usr/local/gcc/libexec --datadir=/usr/local/gcc/share --mandir=/usr/local/gcc/share/man --infodir=/usr/local/gcc/share/info --enable-languages=c c++ objc obj-c++ --with-gcc-major-version-only --disable-multilib CC= CFLAGS='-march=nehalem -O3' CXX= CXXFLAGS='-march=nehalem -O3' LDFLAGS=]
  ignore line: [Thread model: posix]
  ignore line: [Supported LTO compression algorithms: zlib]
  ignore line: [gcc version 11.2.0 (GCC) ]
  ignore line: [COLLECT_GCC_OPTIONS='-v' '-o' 'CMakeFiles/cmTC_ed8f1.dir/CMakeCXXCompilerABI.cpp.o' '-c' '-shared-libgcc' '-mtune=generic' '-march=x86-64' '-dumpdir' 'CMakeFiles/cmTC_ed8f1.dir/']
  ignore line: [ /usr/local/gcc/libexec/gcc/x86_64-pc-linux-gnu/11/cc1plus -quiet -v -D_GNU_SOURCE /usr/share/cmake/Modules/CMakeCXXCompilerABI.cpp -quiet -dumpdir CMakeFiles/cmTC_ed8f1.dir/ -dumpbase CMakeCXXCompilerABI.cpp.cpp -dumpbase-ext .cpp -mtune=generic -march=x86-64 -version -o /tmp/cc0DL9F5.s]
  ignore line: [GNU C++17 (GCC) version 11.2.0 (x86_64-pc-linux-gnu)]
  ignore line: [	compiled by GNU C version 11.2.0  GMP version 6.0.0  MPFR version 3.1.1  MPC version 1.0.1  isl version none]
  ignore line: [warning: GMP header version 6.0.0 differs from library version 6.1.2.]
  ignore line: [warning: MPFR header version 3.1.1 differs from library version 3.1.6-p2.]
  ignore line: [warning: MPC header version 1.0.1 differs from library version 1.1.0.]
  ignore line: [GGC heuristics: --param ggc-min-expand=100 --param ggc-min-heapsize=131072]
  ignore line: [ignoring nonexistent directory "/usr/local/gcc/lib/gcc/x86_64-pc-linux-gnu/11/../../../../x86_64-pc-linux-gnu/include"]
  ignore line: [#include "..." search starts here:]
  ignore line: [#include <...> search starts here:]
  ignore line: [ /usr/local/gcc/lib/gcc/x86_64-pc-linux-gnu/11/../../../../include/c++/11]
  ignore line: [ /usr/local/gcc/lib/gcc/x86_64-pc-linux-gnu/11/../../../../include/c++/11/x86_64-pc-linux-gnu]
  ignore line: [ /usr/local/gcc/lib/gcc/x86_64-pc-linux-gnu/11/../../../../include/c++/11/backward]
  ignore line: [ /usr/local/gcc/lib/gcc/x86_64-pc-linux-gnu/11/include]
  ignore line: [ /usr/local/include]
  ignore line: [ /usr/local/gcc/include]
  ignore line: [ /usr/local/gcc/lib/gcc/x86_64-pc-linux-gnu/11/include-fixed]
  ignore line: [ /usr/include]
  ignore line: [End of search list.]
  ignore line: [GNU C++17 (GCC) version 11.2.0 (x86_64-pc-linux-gnu)]
  ignore line: [	compiled by GNU C version 11.2.0  GMP version 6.0.0  MPFR version 3.1.1  MPC version 1.0.1  isl version none]
  ignore line: [warning: GMP header version 6.0.0 differs from library version 6.1.2.]
  ignore line: [warning: MPFR header version 3.1.1 differs from library version 3.1.6-p2.]
  ignore line: [warning: MPC header version 1.0.1 differs from library version 1.1.0.]
  ignore line: [GGC heuristics: --param ggc-min-expand=100 --param ggc-min-heapsize=131072]
  ignore line: [Compiler executable checksum: eebaac9f95107f90b66884c889954a91]
  ignore line: [COLLECT_GCC_OPTIONS='-v' '-o' 'CMakeFiles/cmTC_ed8f1.dir/CMakeCXXCompilerABI.cpp.o' '-c' '-shared-libgcc' '-mtune=generic' '-march=x86-64' '-dumpdir' 'CMakeFiles/cmTC_ed8f1.dir/']
  ignore line: [ /usr/local/gcc/lib/gcc/x86_64-pc-linux-gnu/11/../../../../x86_64-pc-linux-gnu/bin/as -v --64 -o CMakeFiles/cmTC_ed8f1.dir/CMakeCXXCompilerABI.cpp.o /tmp/cc0DL9F5.s]
  ignore line: [GNU assembler version 2.39 (x86_64-pc-linux-gnu) using BFD version (GNU Binutils) 2.39]
  ignore line: [COMPILER_PATH=/usr/local/gcc/libexec/gcc/x86_64-pc-linux-gnu/11/:/usr/local/gcc/libexec/gcc/x86_64-pc-linux-gnu/11/:/usr/local/gcc/libexec/gcc/x86_64-pc-linux-gnu/:/usr/local/gcc/lib/gcc/x86_64-pc-linux-gnu/11/:/usr/local/gcc/lib/gcc/x86_64-pc-linux-gnu/:/usr/local/gcc/lib/gcc/x86_64-pc-linux-gnu/11/../../../../x86_64-pc-linux-gnu/bin/]
  ignore line: [LIBRARY_PATH=/usr/local/gcc/lib/gcc/x86_64-pc-linux-gnu/11/:/usr/local/gcc/lib/gcc/x86_64-pc-linux-gnu/11/../../../../lib64/:/lib/../lib64/:/usr/lib/../lib64/:/usr/local/gcc/lib/gcc/x86_64-pc-linux-gnu/11/../../../../x86_64-pc-linux-gnu/lib/:/usr/local/gcc/lib/gcc/x86_64-pc-linux-gnu/11/../../../:/lib/:/usr/lib/]
  ignore line: [COLLECT_GCC_OPTIONS='-v' '-o' 'CMakeFiles/cmTC_ed8f1.dir/CMakeCXXCompilerABI.cpp.o' '-c' '-shared-libgcc' '-mtune=generic' '-march=x86-64' '-dumpdir' 'CMakeFiles/cmTC_ed8f1.dir/CMakeCXXCompilerABI.cpp.']
  ignore line: [Linking CXX executable cmTC_ed8f1]
  ignore line: [/usr/bin/cmake -E cmake_link_script CMakeFiles/cmTC_ed8f1.dir/link.txt --verbose=1]
  ignore line: [/usr/local/gcc/bin/c++  -v CMakeFiles/cmTC_ed8f1.dir/CMakeCXXCompilerABI.cpp.o -o cmTC_ed8f1 ]
  ignore line: [Using built-in specs.]
  ignore line: [COLLECT_GCC=/usr/local/gcc/bin/c++]
  ignore line: [COLLECT_LTO_WRAPPER=/usr/local/gcc/libexec/gcc/x86_64-pc-linux-gnu/11/lto-wrapper]
  ignore line: [Target: x86_64-pc-linux-gnu]
  ignore line: [Configured with: ../gcc-11.2.0/configure --prefix=/usr/local/gcc --bindir=/usr/local/gcc/bin --sbindir=/usr/local/gcc/sbin --libdir=/usr/local/gcc/lib --libexecdir=/usr/local/gcc/libexec --datadir=/usr/local/gcc/share --mandir=/usr/local/gcc/share/man --infodir=/usr/local/gcc/share/info --enable-languages=c c++ objc obj-c++ --with-gcc-major-version-only --disable-multilib CC= CFLAGS='-march=nehalem -O3' CXX= CXXFLAGS='-march=nehalem -O3' LDFLAGS=]
  ignore line: [Thread model: posix]
  ignore line: [Supported LTO compression algorithms: zlib]
  ignore line: [gcc version 11.2.0 (GCC) ]
  ignore line: [COMPILER_PATH=/usr/local/gcc/libexec/gcc/x86_64-pc-linux-gnu/11/:/usr/local/gcc/libexec/gcc/x86_64-pc-linux-gnu/11/:/usr/local/gcc/libexec/gcc/x86_64-pc-linux-gnu/:/usr/local/gcc/lib/gcc/x86_64-pc-linux-gnu/11/:/usr/local/gcc/lib/gcc/x86_64-pc-linux-gnu/:/usr/local/gcc/lib/gcc/x86_64-pc-linux-gnu/11/../../../../x86_64-pc-linux-gnu/bin/]
  ignore line: [LIBRARY_PATH=/usr/local/gcc/lib/gcc/x86_64-pc-linux-gnu/11/:/usr/local/gcc/lib/gcc/x86_64-pc-linux-gnu/11/../../../../lib64/:/lib/../lib64/:/usr/lib/../lib64/:/usr/local/gcc/lib/gcc/x86_64-pc-linux-gnu/11/../../../../x86_64-pc-linux-gnu/lib/:/usr/local/gcc/lib/gcc/x86_64-pc-linux-gnu/11/../../../:/lib/:/usr/lib/]
  ignore line: [COLLECT_GCC_OPTIONS='-v' '-o' 'cmTC_ed8f1' '-shared-libgcc' '-mtune=generic' '-march=x86-64' '-dumpdir' 'cmTC_ed8f1.']
  link line: [ /usr/local/gcc/libexec/gcc/x86_64-pc-linux-gnu/11/collect2 -plugin /usr/local/gcc/libexec/gcc/x86_64-pc-linux-gnu/11/liblto_plugin.so -plugin-opt=/usr/local/gcc/libexec/gcc/x86_64-pc-linux-gnu/11/lto-wrapper -plugin-opt=-fresolution=/tmp/cc13uYvy.res -plugin-opt=-pass-through=-lgcc_s -plugin-opt=-pass-through=-lgcc -plugin-opt=-pass-through=-lc -plugin-opt=-pass-through=-lgcc_s -plugin-opt=-pass-through=-lgcc --eh-frame-hdr -m elf_x86_64 -dynamic-linker /lib64/ld-linux-x86-64.so.2 -o cmTC_ed8f1 /lib/../lib64/crt1.o /lib/../lib64/crti.o /usr/local/gcc/lib/gcc/x86_64-pc-linux-gnu/11/crtbegin.o -L/usr/local/gcc/lib/gcc/x86_64-pc-linux-gnu/11 -L/usr/local/gcc/lib/gcc/x86_64-pc-linux-gnu/11/../../../../lib64 -L/lib/../lib64 -L/usr/lib/../lib64 -L/usr/local/gcc/lib/gcc/x86_64-pc-linux-gnu/11/../../../../x86_64-pc-linux-gnu/lib -L/usr/local/gcc/lib/gcc/x86_64-pc-linux-gnu/11/../../.. CMakeFiles/cmTC_ed8f1.dir/CMakeCXXCompilerABI.cpp.o -lstdc++ -lm -lgcc_s -lgcc -lc -lgcc_s -lgcc /usr/local/gcc/lib/gcc/x86_64-pc-linux-gnu/11/crtend.o /lib/../lib64/crtn.o]
    arg [/usr/local/gcc/libexec/gcc/x86_64-pc-linux-gnu/11/collect2] ==> ignore
    arg [-plugin] ==> ignore
    arg [/usr/local/gcc/libexec/gcc/x86_64-pc-linux-gnu/11/liblto_plugin.so] ==> ignore
    arg [-plugin-opt=/usr/local/gcc/libexec/gcc/x86_64-pc-linux-gnu/11/lto-wrapper] ==> ignore
    arg [-plugin-opt=-fresolution=/tmp/cc13uYvy.res] ==> ignore
    arg [-plugin-opt=-pass-through=-lgcc_s] ==> ignore
    arg [-plugin-opt=-pass-through=-lgcc] ==> ignore
    arg [-plugin-opt=-pass-through=-lc] ==> ignore
    arg [-plugin-opt=-pass-through=-lgcc_s] ==> ignore
    arg [-plugin-opt=-pass-through=-lgcc] ==> ignore
    arg [--eh-frame-hdr] ==> ignore
    arg [-m] ==> ignore
    arg [elf_x86_64] ==> ignore
    arg [-dynamic-linker] ==> ignore
    arg [/lib64/ld-linux-x86-64.so.2] ==> ignore
    arg [-o] ==> ignore
    arg [cmTC_ed8f1] ==> ignore
    arg [/lib/../lib64/crt1.o] ==> obj [/lib/../lib64/crt1.o]
    arg [/lib/../lib64/crti.o] ==> obj [/lib/../lib64/crti.o]
    arg [/usr/local/gcc/lib/gcc/x86_64-pc-linux-gnu/11/crtbegin.o] ==> obj [/usr/local/gcc/lib/gcc/x86_64-pc-linux-gnu/11/crtbegin.o]
    arg [-L/usr/local/gcc/lib/gcc/x86_64-pc-linux-gnu/11] ==> dir [/usr/local/gcc/lib/gcc/x86_64-pc-linux-gnu/11]
    arg [-L/usr/local/gcc/lib/gcc/x86_64-pc-linux-gnu/11/../../../../lib64] ==> dir [/usr/local/gcc/lib/gcc/x86_64-pc-linux-gnu/11/../../../../lib64]
    arg [-L/lib/../lib64] ==> dir [/lib/../lib64]
    arg [-L/usr/lib/../lib64] ==> dir [/usr/lib/../lib64]
    arg [-L/usr/local/gcc/lib/gcc/x86_64-pc-linux-gnu/11/../../../../x86_64-pc-linux-gnu/lib] ==> dir [/usr/local/gcc/lib/gcc/x86_64-pc-linux-gnu/11/../../../../x86_64-pc-linux-gnu/lib]
    arg [-L/usr/local/gcc/lib/gcc/x86_64-pc-linux-gnu/11/../../..] ==> dir [/usr/local/gcc/lib/gcc/x86_64-pc-linux-gnu/11/../../..]
    arg [CMakeFiles/cmTC_ed8f1.dir/CMakeCXXCompilerABI.cpp.o] ==> ignore
    arg [-lstdc++] ==> lib [stdc++]
    arg [-lm] ==> lib [m]
    arg [-lgcc_s] ==> lib [gcc_s]
    arg [-lgcc] ==> lib [gcc]
    arg [-lc] ==> lib [c]
    arg [-lgcc_s] ==> lib [gcc_s]
    arg [-lgcc] ==> lib [gcc]
    arg [/usr/local/gcc/lib/gcc/x86_64-pc-linux-gnu/11/crtend.o] ==> obj [/usr/local/gcc/lib/gcc/x86_64-pc-linux-gnu/11/crtend.o]
    arg [/lib/../lib64/crtn.o] ==> obj [/lib/../lib64/crtn.o]
  collapse obj [/lib/../lib64/crt1.o] ==> [/lib64/crt1.o]
  collapse obj [/lib/../lib64/crti.o] ==> [/lib64/crti.o]
  collapse obj [/lib/../lib64/crtn.o] ==> [/lib64/crtn.o]
  collapse library dir [/usr/local/gcc/lib/gcc/x86_64-pc-linux-gnu/11] ==> [/usr/local/gcc/lib/gcc/x86_64-pc-linux-gnu/11]
  collapse library dir [/usr/local/gcc/lib/gcc/x86_64-pc-linux-gnu/11/../../../../lib64] ==> [/usr/local/gcc/lib64]
  collapse library dir [/lib/../lib64] ==> [/lib64]
  collapse library dir [/usr/lib/../lib64] ==> [/usr/lib64]
  collapse library dir [/usr/local/gcc/lib/gcc/x86_64-pc-linux-gnu/11/../../../../x86_64-pc-linux-gnu/lib] ==> [/usr/local/gcc/x86_64-pc-linux-gnu/lib]
  collapse library dir [/usr/local/gcc/lib/gcc/x86_64-pc-linux-gnu/11/../../..] ==> [/usr/local/gcc/lib]
  implicit libs: [stdc++;m;gcc_s;gcc;c;gcc_s;gcc]
  implicit objs: [/lib64/crt1.o;/lib64/crti.o;/usr/local/gcc/lib/gcc/x86_64-pc-linux-gnu/11/crtbegin.o;/usr/local/gcc/lib/gcc/x86_64-pc-linux-gnu/11/crtend.o;/lib64/crtn.o]
  implicit dirs: [/usr/local/gcc/lib/gcc/x86_64-pc-linux-gnu/11;/usr/local/gcc/lib64;/lib64;/usr/lib64;/usr/local/gcc/x86_64-pc-linux-gnu/lib;/usr/local/gcc/lib]
  implicit fwks: []


